wmv214
*   feafca4 9th commit (3rd on b4)
|\  
| *   a59c53f 7th commit (2nd on b3)
| |\  
| * | 49302f0 4th commit (1st on b3)
* | |   cb01715 8th commit (2nd on b4)
|\ \ \  
| | |/  
| |/|   
| * |   0be082a 6th commit (2nd on master)
| |\ \  
| | |/  
| |/|   
| * | b729633 2nd commit (1st on b1)
* | | 8733b28 5th commit (1st on b4)
| |/  
|/|   
* | e67b3b3 3rd commit (1st on b2)
|/  
* 46264ba 1st commit (1st on master)

yw1370
*   a3c462b Master Merge branch 'branch1' 9th commit(4th merge)
|\  
| *   0952288 Merge branch 'master' into branch1 7th commit(2nd merge)
| |\  
| * | 7cfe8de 6th commit(2nd on branch1).
* | |   75a1b09 Master Merge branch 'branch2' 8th commit(3rd merge)
|\ \ \  
| |_|/  
|/| |   
| * | 876bb86 4th commit(1st on branch2).
* | |   273d4c4 Master Merge branch 'branch1' 5th commit(1st merge)
|\ \ \  
| |/ /  
|/| /   
| |/    
| * 17f514e 2nd commit(1st on branch1).
* | 081a6d7 3rd commit(2nd on master).
|/  
* bad897a 1st commit(1st on master).